[1107/201531.944:ERROR:process_info.cc(632)] range at 0x3bb832fa00000000, size 0x1e2 fully unreadable
[1107/201531.944:ERROR:process_info.cc(632)] range at 0x3bb8336000000000, size 0x1e2 fully unreadable
[1107/201531.944:ERROR:process_info.cc(632)] range at 0x0, size 0x1e2 fully unreadable
[1107/201532.076:ERROR:process_reader_win.cc(242)] ReadMemory at 0x7ff6b1ce0000 of 64 bytes failed: Запрос ReadProcessMemory или WriteProcessMemory был выполнен только частично. (0x12B)
[1107/201532.076:WARNING:pe_image_reader.cc(281)] could not read dos header from C:\Program Files (x86)\Google\Chrome\Application\chrome.exe
[1107/201532.076:ERROR:process_reader_win.cc(242)] ReadMemory at 0x7ffd81ad0000 of 64 bytes failed: Запрос ReadProcessMemory или WriteProcessMemory был выполнен только частично. (0x12B)
[1107/201532.076:WARNING:pe_image_reader.cc(281)] could not read dos header from C:\Windows\SYSTEM32\ntdll.dll
[1107/201532.076:ERROR:process_reader_win.cc(242)] ReadMemory at 0x7ffd7e3d0000 of 64 bytes failed: Запрос ReadProcessMemory или WriteProcessMemory был выполнен только частично. (0x12B)
[1107/201532.076:WARNING:pe_image_reader.cc(281)] could not read dos header from C:\Windows\System32\KERNELBASE.dll
[1107/201532.076:ERROR:process_reader_win.cc(242)] ReadMemory at 0x7ffd7f180000 of 64 bytes failed: Запрос ReadProcessMemory или WriteProcessMemory был выполнен только частично. (0x12B)
[1107/201532.076:WARNING:pe_image_reader.cc(281)] could not read dos header from C:\Windows\System32\KERNEL32.DLL
[1107/201532.076:ERROR:process_reader_win.cc(242)] ReadMemory at 0x7ffd7c480000 of 64 bytes failed: Запрос ReadProcessMemory или WriteProcessMemory был выполнен только частично. (0x12B)
[1107/201532.076:WARNING:pe_image_reader.cc(281)] could not read dos header from C:\Windows\SYSTEM32\apphelp.dll
[1107/201532.076:ERROR:process_reader_win.cc(242)] ReadMemory at 0x7ffd4e410000 of 64 bytes failed: Запрос ReadProcessMemory или WriteProcessMemory был выполнен только частично. (0x12B)
[1107/201532.076:WARNING:pe_image_reader.cc(281)] could not read dos header from C:\Windows\AppPatch\AppPatch64\AcGenral.dll
[1107/201532.076:ERROR:process_reader_win.cc(242)] ReadMemory at 0x7ffd818d0000 of 64 bytes failed: Запрос ReadProcessMemory или WriteProcessMemory был выполнен только частично. (0x12B)
[1107/201532.076:WARNING:pe_image_reader.cc(281)] could not read dos header from C:\Windows\System32\msvcrt.dll
[1107/201532.076:ERROR:process_reader_win.cc(242)] ReadMemory at 0x7ffd81660000 of 64 bytes failed: Запрос ReadProcessMemory или WriteProcessMemory был выполнен только частично. (0x12B)
[1107/201532.076:WARNING:pe_image_reader.cc(281)] could not read dos header from C:\Windows\System32\RPCRT4.dll
[1107/201532.076:ERROR:process_reader_win.cc(242)] ReadMemory at 0x7ffd81230000 of 64 bytes failed: Запрос ReadProcessMemory или WriteProcessMemory был выполнен только частично. (0x12B)
[1107/201532.076:WARNING:pe_image_reader.cc(281)] could not read dos header from C:\Windows\System32\sechost.dll
[1107/201532.076:ERROR:process_reader_win.cc(242)] ReadMemory at 0x7ffd7de70000 of 64 bytes failed: Запрос ReadProcessMemory или WriteProcessMemory был выполнен только частично. (0x12B)
[1107/201532.076:WARNING:pe_image_reader.cc(281)] could not read dos header from C:\Windows\SYSTEM32\SspiCli.dll
[1107/201532.076:ERROR:process_reader_win.cc(242)] ReadMemory at 0x7ffd7e230000 of 64 bytes failed: Запрос ReadProcessMemory или WriteProcessMemory был выполнен только частично. (0x12B)
[1107/201532.076:WARNING:pe_image_reader.cc(281)] could not read dos header from C:\Windows\System32\ucrtbase.dll
[1107/201532.076:ERROR:process_reader_win.cc(242)] ReadMemory at 0x7ffd7efc0000 of 64 bytes failed: Запрос ReadProcessMemory или WriteProcessMemory был выполнен только частично. (0x12B)
[1107/201532.076:WARNING:pe_image_reader.cc(281)] could not read dos header from C:\Windows\System32\bcryptPrimitives.dll
[1107/201532.076:ERROR:process_reader_win.cc(242)] ReadMemory at 0x7ffd81360000 of 64 bytes failed: Запрос ReadProcessMemory или WriteProcessMemory был выполнен только частично. (0x12B)
[1107/201532.076:WARNING:pe_image_reader.cc(281)] could not read dos header from C:\Windows\System32\combase.dll
[1107/201532.076:ERROR:process_reader_win.cc(242)] ReadMemory at 0x7ffd7e330000 of 64 bytes failed: Запрос ReadProcessMemory или WriteProcessMemory был выполнен только частично. (0x12B)
[1107/201532.076:WARNING:pe_image_reader.cc(281)] could not read dos header from C:\Windows\System32\msvcp_win.dll
[1107/201532.076:ERROR:process_reader_win.cc(242)] ReadMemory at 0x7ffd7dff0000 of 64 bytes failed: Запрос ReadProcessMemory или WriteProcessMemory был выполнен только частично. (0x12B)
[1107/201532.076:WARNING:pe_image_reader.cc(281)] could not read dos header from C:\Windows\System32\win32u.dll
[1107/201532.076:ERROR:process_reader_win.cc(242)] ReadMemory at 0x7ffd81970000 of 64 bytes failed: Запрос ReadProcessMemory или WriteProcessMemory был выполнен только частично. (0x12B)
[1107/201532.076:WARNING:pe_image_reader.cc(281)] could not read dos header from C:\Windows\System32\USER32.dll
[1107/201532.076:ERROR:process_reader_win.cc(242)] ReadMemory at 0x7ffd7edd0000 of 64 bytes failed: Запрос ReadProcessMemory или WriteProcessMemory был выполнен только частично. (0x12B)
[1107/201532.076:WARNING:pe_image_reader.cc(281)] could not read dos header from C:\Windows\System32\gdi32full.dll
[1107/201532.076:ERROR:process_reader_win.cc(242)] ReadMemory at 0x7ffd81180000 of 64 bytes failed: Запрос ReadProcessMemory или WriteProcessMemory был выполнен только частично. (0x12B)
[1107/201532.076:WARNING:pe_image_reader.cc(281)] could not read dos header from C:\Windows\System32\GDI32.dll
[1107/201532.076:ERROR:process_reader_win.cc(242)] ReadMemory at 0x7ffd81040000 of 64 bytes failed: Запрос ReadProcessMemory или WriteProcessMemory был выполнен только частично. (0x12B)
[1107/201532.076:WARNING:pe_image_reader.cc(281)] could not read dos header from C:\Windows\System32\IMM32.DLL
[1107/201532.076:ERROR:process_reader_win.cc(242)] ReadMemory at 0x7ffd81290000 of 64 bytes failed: Запрос ReadProcessMemory или WriteProcessMemory был выполнен только частично. (0x12B)
[1107/201532.076:WARNING:pe_image_reader.cc(281)] could not read dos header from C:\Windows\System32\SHLWAPI.dll
[1107/201532.076:ERROR:process_reader_win.cc(242)] ReadMemory at 0x7ffd7f030000 of 64 bytes failed: Запрос ReadProcessMemory или WriteProcessMemory был выполнен только частично. (0x12B)
[1107/201532.076:WARNING:pe_image_reader.cc(281)] could not read dos header from C:\Windows\System32\ole32.dll
[1107/201532.076:ERROR:process_reader_win.cc(242)] ReadMemory at 0x7ffd7e1e0000 of 64 bytes failed: Запрос ReadProcessMemory или WriteProcessMemory был выполнен только частично. (0x12B)
[1107/201532.076:WARNING:pe_image_reader.cc(281)] could not read dos header from C:\Windows\System32\cfgmgr32.dll
[1107/201532.076:ERROR:process_reader_win.cc(242)] ReadMemory at 0x7ffd7f8c0000 of 64 bytes failed: Запрос ReadProcessMemory или WriteProcessMemory был выполнен только частично. (0x12B)
[1107/201532.076:WARNING:pe_image_reader.cc(281)] could not read dos header from C:\Windows\System32\shcore.dll
[1107/201532.076:ERROR:process_reader_win.cc(242)] ReadMemory at 0x1e200110000 of 64 bytes failed: Запрос ReadProcessMemory или WriteProcessMemory был выполнен только частично. (0x12B)
[1107/201532.076:WARNING:pe_image_reader.cc(281)] could not read dos header from C:\Windows\System32\advapi32.dll
[1107/201532.076:ERROR:process_reader_win.cc(242)] ReadMemory at 0x7ffd7dfd0000 of 64 bytes failed: Запрос ReadProcessMemory или WriteProcessMemory был выполнен только частично. (0x12B)
[1107/201532.076:WARNING:pe_image_reader.cc(281)] could not read dos header from C:\Windows\System32\kernel.appcore.dll
[1107/201532.076:ERROR:process_reader_win.cc(242)] ReadMemory at 0x7ffd7df80000 of 64 bytes failed: Запрос ReadProcessMemory или WriteProcessMemory был выполнен только частично. (0x12B)
[1107/201532.076:WARNING:pe_image_reader.cc(281)] could not read dos header from C:\Windows\System32\powrprof.dll
[1107/201532.076:ERROR:process_reader_win.cc(242)] ReadMemory at 0x7ffd7df40000 of 64 bytes failed: Запрос ReadProcessMemory или WriteProcessMemory был выполнен только частично. (0x12B)
[1107/201532.076:WARNING:pe_image_reader.cc(281)] could not read dos header from C:\Windows\System32\profapi.dll
[1107/201532.076:ERROR:process_reader_win.cc(242)] ReadMemory at 0x7ffd7e620000 of 64 bytes failed: Запрос ReadProcessMemory или WriteProcessMemory был выполнен только частично. (0x12B)
[1107/201532.076:WARNING:pe_image_reader.cc(281)] could not read dos header from C:\Windows\System32\windows.storage.dll
[1107/201532.076:ERROR:process_reader_win.cc(242)] ReadMemory at 0x7ffd7f970000 of 64 bytes failed: Запрос ReadProcessMemory или WriteProcessMemory был выполнен только частично. (0x12B)
[1107/201532.076:WARNING:pe_image_reader.cc(281)] could not read dos header from C:\Windows\System32\SHELL32.dll
[1107/201532.076:ERROR:process_reader_win.cc(242)] ReadMemory at 0x7ffd7de40000 of 64 bytes failed: Запрос ReadProcessMemory или WriteProcessMemory был выполнен только частично. (0x12B)
[1107/201532.076:WARNING:pe_image_reader.cc(281)] could not read dos header from C:\Windows\SYSTEM32\USERENV.dll
[1107/201532.076:ERROR:process_reader_win.cc(242)] ReadMemory at 0x7ffd6a130000 of 64 bytes failed: Запрос ReadProcessMemory или WriteProcessMemory был выполнен только частично. (0x12B)
[1107/201532.076:WARNING:pe_image_reader.cc(281)] could not read dos header from C:\Windows\SYSTEM32\MPR.dll
[1107/201532.076:ERROR:process_reader_win.cc(242)] ReadMemory at 0x7ffd733e0000 of 64 bytes failed: Запрос ReadProcessMemory или WriteProcessMemory был выполнен только частично. (0x12B)
[1107/201532.076:WARNING:pe_image_reader.cc(281)] could not read dos header from C:\Windows\SYSTEM32\VERSION.dll
[1107/201532.076:ERROR:process_reader_win.cc(242)] ReadMemory at 0x7ffd482c0000 of 64 bytes failed: Запрос ReadProcessMemory или WriteProcessMemory был выполнен только частично. (0x12B)
[1107/201532.076:WARNING:pe_image_reader.cc(281)] could not read dos header from C:\Program Files (x86)\Google\Chrome\Application\61.0.3163.100\chrome_elf.dll
[1107/201532.092:ERROR:process_reader_win.cc(242)] ReadMemory at 0x7ffd80db0000 of 64 bytes failed: Запрос ReadProcessMemory или WriteProcessMemory был выполнен только частично. (0x12B)
[1107/201532.092:WARNING:pe_image_reader.cc(281)] could not read dos header from C:\Windows\System32\PSAPI.DLL
[1107/201532.092:ERROR:process_reader_win.cc(242)] ReadMemory at 0x7ffd7c530000 of 64 bytes failed: Запрос ReadProcessMemory или WriteProcessMemory был выполнен только частично. (0x12B)
[1107/201532.092:WARNING:pe_image_reader.cc(281)] could not read dos header from C:\Windows\SYSTEM32\WINMMBASE.dll
[1107/201532.092:ERROR:process_reader_win.cc(242)] ReadMemory at 0x7ffd7c560000 of 64 bytes failed: Запрос ReadProcessMemory или WriteProcessMemory был выполнен только частично. (0x12B)
[1107/201532.092:WARNING:pe_image_reader.cc(281)] could not read dos header from C:\Windows\SYSTEM32\WINMM.dll
[1107/201532.092:ERROR:process_reader_win.cc(242)] ReadMemory at 0x7ffd737a0000 of 64 bytes failed: Запрос ReadProcessMemory или WriteProcessMemory был выполнен только частично. (0x12B)
[1107/201532.092:WARNING:pe_image_reader.cc(281)] could not read dos header from C:\Windows\SYSTEM32\WINHTTP.dll
[1107/201532.092:ERROR:process_reader_win.cc(242)] ReadMemory at 0x7ffd7d9b0000 of 64 bytes failed: Запрос ReadProcessMemory или WriteProcessMemory был выполнен только частично. (0x12B)
[1107/201532.092:WARNING:pe_image_reader.cc(281)] could not read dos header from C:\Windows\SYSTEM32\CRYPTBASE.DLL
[1107/201532.092:ERROR:process_reader_win.cc(242)] ReadMemory at 0x7ffd81790000 of 64 bytes failed: Запрос ReadProcessMemory или WriteProcessMemory был выполнен только частично. (0x12B)
[1107/201532.092:WARNING:pe_image_reader.cc(281)] could not read dos header from C:\Windows\System32\OLEAUT32.dll
[1107/201532.092:ERROR:process_reader_win.cc(242)] ReadMemory at 0x7ffd68d30000 of 64 bytes failed: Запрос ReadProcessMemory или WriteProcessMemory был выполнен только частично. (0x12B)
[1107/201532.092:WARNING:pe_image_reader.cc(281)] could not read dos header from C:\Windows\SYSTEM32\ninput.dll
[1107/201532.092:ERROR:process_reader_win.cc(242)] ReadMemory at 0x7ffd812f0000 of 64 bytes failed: Запрос ReadProcessMemory или WriteProcessMemory был выполнен только частично. (0x12B)
[1107/201532.092:WARNING:pe_image_reader.cc(281)] could not read dos header from C:\Windows\System32\WS2_32.dll
[1107/201532.092:ERROR:process_reader_win.cc(242)] ReadMemory at 0x7ffd7df60000 of 64 bytes failed: Запрос ReadProcessMemory или WriteProcessMemory был выполнен только частично. (0x12B)
[1107/201532.092:WARNING:pe_image_reader.cc(281)] could not read dos header from C:\Windows\System32\MSASN1.dll
[1107/201532.092:ERROR:process_reader_win.cc(242)] ReadMemory at 0x7ffd7e010000 of 64 bytes failed: Запрос ReadProcessMemory или WriteProcessMemory был выполнен только частично. (0x12B)
[1107/201532.092:WARNING:pe_image_reader.cc(281)] could not read dos header from C:\Windows\System32\CRYPT32.dll
[1107/201532.092:ERROR:process_reader_win.cc(242)] ReadMemory at 0x7ffd7ef60000 of 64 bytes failed: Запрос ReadProcessMemory или WriteProcessMemory был выполнен только частично. (0x12B)
[1107/201532.092:WARNING:pe_image_reader.cc(281)] could not read dos header from C:\Windows\System32\WINTRUST.dll
[1107/201532.092:ERROR:process_reader_win.cc(242)] ReadMemory at 0x7ffd75620000 of 64 bytes failed: Запрос ReadProcessMemory или WriteProcessMemory был выполнен только частично. (0x12B)
[1107/201532.092:WARNING:pe_image_reader.cc(281)] could not read dos header from C:\Windows\WinSxS\amd64_microsoft.windows.common-controls_6595b64144ccf1df_6.0.15063.483_none_26002d27e7c744a2\COMCTL32.dll
[1107/201532.092:ERROR:process_reader_win.cc(242)] ReadMemory at 0x7ffd81070000 of 64 bytes failed: Запрос ReadProcessMemory или WriteProcessMemory был выполнен только частично. (0x12B)
[1107/201532.092:WARNING:pe_image_reader.cc(281)] could not read dos header from C:\Windows\System32\COMDLG32.dll
[1107/201532.092:ERROR:process_reader_win.cc(242)] ReadMemory at 0x7ffd6e5c0000 of 64 bytes failed: Запрос ReadProcessMemory или WriteProcessMemory был выполнен только частично. (0x12B)
[1107/201532.092:WARNING:pe_image_reader.cc(281)] could not read dos header from C:\Windows\SYSTEM32\dbghelp.dll
[1107/201532.092:ERROR:process_reader_win.cc(242)] ReadMemory at 0x7ffd5d870000 of 64 bytes failed: Запрос ReadProcessMemory или WriteProcessMemory был выполнен только частично. (0x12B)
[1107/201532.092:WARNING:pe_image_reader.cc(281)] could not read dos header from C:\Windows\SYSTEM32\USP10.dll
[1107/201532.092:ERROR:process_reader_win.cc(242)] ReadMemory at 0x7ffd7db00000 of 64 bytes failed: Запрос ReadProcessMemory или WriteProcessMemory был выполнен только частично. (0x12B)
[1107/201532.092:WARNING:pe_image_reader.cc(281)] could not read dos header from C:\Windows\SYSTEM32\bcrypt.dll
[1107/201532.092:ERROR:process_reader_win.cc(242)] ReadMemory at 0x7ffd66690000 of 64 bytes failed: Запрос ReadProcessMemory или WriteProcessMemory был выполнен только частично. (0x12B)
[1107/201532.092:WARNING:pe_image_reader.cc(281)] could not read dos header from C:\Windows\SYSTEM32\WINSPOOL.DRV
[1107/201532.092:ERROR:process_reader_win.cc(242)] ReadMemory at 0x7ffd7d590000 of 64 bytes failed: Запрос ReadProcessMemory или WriteProcessMemory был выполнен только частично. (0x12B)
[1107/201532.092:WARNING:pe_image_reader.cc(281)] could not read dos header from C:\Windows\SYSTEM32\IPHLPAPI.DLL
[1107/201532.092:ERROR:process_reader_win.cc(242)] ReadMemory at 0x7ffd6ced0000 of 64 bytes failed: Запрос ReadProcessMemory или WriteProcessMemory был выполнен только частично. (0x12B)
[1107/201532.092:WARNING:pe_image_reader.cc(281)] could not read dos header from C:\Windows\SYSTEM32\Secur32.dll
[1107/201532.092:ERROR:process_reader_win.cc(242)] ReadMemory at 0x7ffd76a80000 of 64 bytes failed: Запрос ReadProcessMemory или WriteProcessMemory был выполнен только частично. (0x12B)
[1107/201532.092:WARNING:pe_image_reader.cc(281)] could not read dos header from C:\Windows\SYSTEM32\iertutil.dll
[1107/201532.092:ERROR:process_reader_win.cc(242)] ReadMemory at 0x7ffd75ff0000 of 64 bytes failed: Запрос ReadProcessMemory или WriteProcessMemory был выполнен только частично. (0x12B)
[1107/201532.092:WARNING:pe_image_reader.cc(281)] could not read dos header from C:\Windows\SYSTEM32\urlmon.dll
[1107/201532.092:ERROR:process_reader_win.cc(242)] ReadMemory at 0x7ffd79270000 of 64 bytes failed: Запрос ReadProcessMemory или WriteProcessMemory был выполнен только частично. (0x12B)
[1107/201532.092:WARNING:pe_image_reader.cc(281)] could not read dos header from C:\Windows\SYSTEM32\DWrite.dll
[1107/201532.092:ERROR:process_reader_win.cc(242)] ReadMemory at 0x7ffd33060000 of 64 bytes failed: Запрос ReadProcessMemory или WriteProcessMemory был выполнен только частично. (0x12B)
[1107/201532.092:WARNING:pe_image_reader.cc(281)] could not read dos header from C:\Program Files (x86)\Google\Chrome\Application\61.0.3163.100\chrome_child.dll
[1107/201532.092:ERROR:process_reader_win.cc(242)] ReadMemory at 0x5e0c5ee000 of 73728 bytes failed: Запрос ReadProcessMemory или WriteProcessMemory был выполнен только частично. (0x12B)
[1107/201532.092:ERROR:crash_report_exception_handler.cc(116)] WriteEverything failed
[1107/201532.092:ERROR:scoped_process_suspend.cc(39)] NtResumeProcess: Попытка доступа к процессу, выполняющему процедуру завершения.  (0xc000010a)
